
> clone@0.1.0 start /home/azureuser/clone
> react-scripts start

[34mℹ[39m [90m｢wds｣[39m: Project is running at http://10.1.1.4/
[34mℹ[39m [90m｢wds｣[39m: webpack output is served from 
[34mℹ[39m [90m｢wds｣[39m: Content not from webpack is served from /home/azureuser/clone/public
[34mℹ[39m [90m｢wds｣[39m: 404s will fallback to /
Starting the development server...

Compiled with warnings.

src/comp/CallPage.js
  Line 24:40:  Expected '===' and instead saw '=='                                                                                            eqeqeq
  Line 49:6:   React Hook useEffect has missing dependencies: 'initWebRTC' and 'isAdmin'. Either include them or remove the dependency array  react-hooks/exhaustive-deps

src/comp/Dictaphone.jsx
  Line 12:7:  'micOn' is assigned a value but never used  no-unused-vars

src/comp/HomePage.js
  Line 20:21:  img elements must have an alt prop, either with meaningful text, or an empty string for decorative images                                                                                                                                                                                                                                                         jsx-a11y/alt-text
  Line 24:13:  img elements must have an alt prop, either with meaningful text, or an empty string for decorative images                                                                                                                                                                                                                                                         jsx-a11y/alt-text
  Line 32:17:  The href attribute requires a valid value to be accessible. Provide a valid, navigable address as the href value. If you cannot provide a valid href, but still need the element to resemble a link, use a button and change it with appropriate styles. Learn more: https://github.com/evcohen/eslint-plugin-jsx-a11y/blob/master/docs/rules/anchor-is-valid.md  jsx-a11y/anchor-is-valid
  Line 34:17:  The href attribute requires a valid value to be accessible. Provide a valid, navigable address as the href value. If you cannot provide a valid href, but still need the element to resemble a link, use a button and change it with appropriate styles. Learn more: https://github.com/evcohen/eslint-plugin-jsx-a11y/blob/master/docs/rules/anchor-is-valid.md  jsx-a11y/anchor-is-valid

src/comp/NoMatch.js
  Line 12:17:  img elements must have an alt prop, either with meaningful text, or an empty string for decorative images  jsx-a11y/alt-text
  Line 25:17:  img elements must have an alt prop, either with meaningful text, or an empty string for decorative images  jsx-a11y/alt-text

src/comp/call/Messenger.js
  Line 14:8:  'Dictaphone' is defined but never used                                 no-unused-vars
  Line 27:5:  'browserSupportsSpeechRecognition' is assigned a value but never used  no-unused-vars

src/comp/call/Rgtframe.js
  Line 24:20:  Assignments to the 'interval' variable from inside React Hook useEffect will be lost after each render. To preserve the value over time, store it in a useRef Hook and keep the mutable value in the '.current' property. Otherwise, you can move this variable directly inside useEffect  react-hooks/exhaustive-deps

src/comp/call/Urlpg.js
  Line 20:15:  Using target="_blank" without rel="noreferrer" is a security risk: see https://html.spec.whatwg.org/multipage/links.html#link-type-noopener  react/jsx-no-target-blank

Search for the keywords to learn more about each warning.
To ignore, add // eslint-disable-next-line to the line before.

Compiling...
Compiled with warnings.

src/comp/CallPage.js
  Line 24:40:  Expected '===' and instead saw '=='                                                                                            eqeqeq
  Line 49:6:   React Hook useEffect has missing dependencies: 'initWebRTC' and 'isAdmin'. Either include them or remove the dependency array  react-hooks/exhaustive-deps

src/comp/Dictaphone.jsx
  Line 12:7:  'micOn' is assigned a value but never used  no-unused-vars

src/comp/HomePage.js
  Line 20:21:  img elements must have an alt prop, either with meaningful text, or an empty string for decorative images                                                                                                                                                                                                                                                         jsx-a11y/alt-text
  Line 24:13:  img elements must have an alt prop, either with meaningful text, or an empty string for decorative images                                                                                                                                                                                                                                                         jsx-a11y/alt-text
  Line 32:17:  The href attribute requires a valid value to be accessible. Provide a valid, navigable address as the href value. If you cannot provide a valid href, but still need the element to resemble a link, use a button and change it with appropriate styles. Learn more: https://github.com/evcohen/eslint-plugin-jsx-a11y/blob/master/docs/rules/anchor-is-valid.md  jsx-a11y/anchor-is-valid
  Line 34:17:  The href attribute requires a valid value to be accessible. Provide a valid, navigable address as the href value. If you cannot provide a valid href, but still need the element to resemble a link, use a button and change it with appropriate styles. Learn more: https://github.com/evcohen/eslint-plugin-jsx-a11y/blob/master/docs/rules/anchor-is-valid.md  jsx-a11y/anchor-is-valid

src/comp/NoMatch.js
  Line 12:17:  img elements must have an alt prop, either with meaningful text, or an empty string for decorative images  jsx-a11y/alt-text
  Line 25:17:  img elements must have an alt prop, either with meaningful text, or an empty string for decorative images  jsx-a11y/alt-text

src/comp/call/Messenger.js
  Line 14:8:  'Dictaphone' is defined but never used                                 no-unused-vars
  Line 27:5:  'browserSupportsSpeechRecognition' is assigned a value but never used  no-unused-vars

src/comp/call/Rgtframe.js
  Line 24:20:  Assignments to the 'interval' variable from inside React Hook useEffect will be lost after each render. To preserve the value over time, store it in a useRef Hook and keep the mutable value in the '.current' property. Otherwise, you can move this variable directly inside useEffect  react-hooks/exhaustive-deps

src/comp/call/Urlpg.js
  Line 20:15:  Using target="_blank" without rel="noreferrer" is a security risk: see https://html.spec.whatwg.org/multipage/links.html#link-type-noopener  react/jsx-no-target-blank

Search for the keywords to learn more about each warning.
To ignore, add // eslint-disable-next-line to the line before.

Compiling...
Compiled with warnings.

src/comp/CallPage.js
  Line 24:40:  Expected '===' and instead saw '=='                                                                                            eqeqeq
  Line 49:6:   React Hook useEffect has missing dependencies: 'initWebRTC' and 'isAdmin'. Either include them or remove the dependency array  react-hooks/exhaustive-deps

src/comp/Dictaphone.jsx
  Line 12:7:  'micOn' is assigned a value but never used  no-unused-vars

src/comp/HomePage.js
  Line 20:21:  img elements must have an alt prop, either with meaningful text, or an empty string for decorative images                                                                                                                                                                                                                                                         jsx-a11y/alt-text
  Line 24:13:  img elements must have an alt prop, either with meaningful text, or an empty string for decorative images                                                                                                                                                                                                                                                         jsx-a11y/alt-text
  Line 32:17:  The href attribute requires a valid value to be accessible. Provide a valid, navigable address as the href value. If you cannot provide a valid href, but still need the element to resemble a link, use a button and change it with appropriate styles. Learn more: https://github.com/evcohen/eslint-plugin-jsx-a11y/blob/master/docs/rules/anchor-is-valid.md  jsx-a11y/anchor-is-valid
  Line 34:17:  The href attribute requires a valid value to be accessible. Provide a valid, navigable address as the href value. If you cannot provide a valid href, but still need the element to resemble a link, use a button and change it with appropriate styles. Learn more: https://github.com/evcohen/eslint-plugin-jsx-a11y/blob/master/docs/rules/anchor-is-valid.md  jsx-a11y/anchor-is-valid

src/comp/NoMatch.js
  Line 12:17:  img elements must have an alt prop, either with meaningful text, or an empty string for decorative images  jsx-a11y/alt-text
  Line 25:17:  img elements must have an alt prop, either with meaningful text, or an empty string for decorative images  jsx-a11y/alt-text

src/comp/call/Messenger.js
  Line 14:8:  'Dictaphone' is defined but never used                                 no-unused-vars
  Line 27:5:  'browserSupportsSpeechRecognition' is assigned a value but never used  no-unused-vars

src/comp/call/Rgtframe.js
  Line 24:20:  Assignments to the 'interval' variable from inside React Hook useEffect will be lost after each render. To preserve the value over time, store it in a useRef Hook and keep the mutable value in the '.current' property. Otherwise, you can move this variable directly inside useEffect  react-hooks/exhaustive-deps

src/comp/call/Urlpg.js
  Line 20:15:  Using target="_blank" without rel="noreferrer" is a security risk: see https://html.spec.whatwg.org/multipage/links.html#link-type-noopener  react/jsx-no-target-blank

Search for the keywords to learn more about each warning.
To ignore, add // eslint-disable-next-line to the line before.








